<?xml version="1.0" encoding="UTF-8" ?>
<testsuite errors="0" failures="0" hostname="Nishants-MacBook-Air.local" name="org.nishant.MathTest" tests="4" time="0.06" timestamp="2016-07-07T12:59:55">
  <properties>
[...]
</properties>
  <testcase classname="org.nishant.MathTest" name="testAdd" time="0.0010" />
  <testcase classname="org.nishant.MathTest" name="testSubtract" time="0.0" />
  <testcase classname="org.nishant.MathTest" name="testDivide" time="0.0" />
  <testcase classname="org.nishant.MathTest" name="testMultiply" time="0.0010" />
  <system-out><![CDATA[]]></system-out>
  <system-err><![CDATA[]]></system-err>
</testsuite>
